\BOOKMARK [1][-]{section.1}{Wstep teoretyczny}{}% 1
\BOOKMARK [2][-]{subsection.1.1}{Problem plecakowy}{section.1}% 2
\BOOKMARK [2][-]{subsection.1.2}{Problem komiwojazera}{section.1}% 3
\BOOKMARK [2][-]{subsection.1.3}{Problem Mobilnego Z\233odzieja}{section.1}% 4
\BOOKMARK [2][-]{subsection.1.4}{Algorytm genetyczny}{section.1}% 5
\BOOKMARK [1][-]{section.2}{Plan pracy}{}% 6
\BOOKMARK [1][-]{section.3}{Cechy algorytmu i modelu}{}% 7
\BOOKMARK [2][-]{subsection.3.1}{Algorytm genetyczny}{section.3}% 8
\BOOKMARK [3][-]{subsubsection.3.1.1}{Parametry algorytmu genetycznego}{subsection.3.1}% 9
\BOOKMARK [3][-]{subsubsection.3.1.2}{Operator krzyzowania}{subsection.3.1}% 10
\BOOKMARK [3][-]{subsubsection.3.1.3}{Operator mutacji}{subsection.3.1}% 11
\BOOKMARK [2][-]{subsection.3.2}{Problem TTP}{section.3}% 12
\BOOKMARK [1][-]{section.4}{Badanie dzia\233ania}{}% 13
\BOOKMARK [2][-]{subsection.4.1}{Problem hard\1370.ttp}{section.4}% 14
\BOOKMARK [1][-]{section.5}{Badanie wp\233ywu parametr\363w metody na wyniki dzia\233ania}{}% 15
\BOOKMARK [2][-]{subsection.5.1}{Wp\233yw prawdopodobienstwa krzyzowania i mutacji}{section.5}% 16
\BOOKMARK [2][-]{subsection.5.2}{Wp\233yw rozmiaru populacji i liczby pokolen}{section.5}% 17
\BOOKMARK [1][-]{section.6}{Badanie wp\233ywu selekcji na skutecznosc algorytmu genetycznego}{}% 18
\BOOKMARK [1][-]{section.7}{Por\363wnanie skutecznosci algorytmu genetycznego z wynikami metod nieewolucyjnych}{}% 19
\BOOKMARK [1][-]{section.8}{Podsumowanie}{}% 20
