This is pdfTeX, Version 3.14159265-2.6-1.40.19 (MiKTeX 2.9.6930 64-bit) (preloaded format=pdflatex 2019.1.25)  22 MAR 2019 12:08
entering extended mode
**./sprawozdanie.tex
(sprawozdanie.tex
LaTeX2e <2018-12-01>
("C:\Users\Szymon\AppData\Local\Programs\MiKTeX 2.9\tex/latex/base\article.cls"
Document Class: article 2018/09/03 v1.4i Standard LaTeX document class
("C:\Users\Szymon\AppData\Local\Programs\MiKTeX 2.9\tex/latex/base\size10.clo"
File: size10.clo 2018/09/03 v1.4i Standard LaTeX file (size option)
)
\c@part=\count80
\c@section=\count81
\c@subsection=\count82
\c@subsubsection=\count83
\c@paragraph=\count84
\c@subparagraph=\count85
\c@figure=\count86
\c@table=\count87
\abovecaptionskip=\skip41
\belowcaptionskip=\skip42
\bibindent=\dimen102
)
("C:\Users\Szymon\AppData\Local\Programs\MiKTeX 2.9\tex/latex/polski\polski.sty
"
Package: polski 2017/05/04 v1.3.4 Polish language package

   Switching to Polish text encoding and Polish maths fonts.
("C:\Users\Szymon\AppData\Local\Programs\MiKTeX 2.9\tex/latex/base\ot4enc.def"
File: ot4enc.def 2018/08/11 v2.0j Standard LaTeX file
Now handling font encoding OT4 ...
... no UTF-8 mapping file for font encoding OT4
)
LaTeX Font Info:    Try loading font information for OT4+cmr on input line 360.

("C:\Users\Szymon\AppData\Local\Programs\MiKTeX 2.9\tex/latex/polski\ot4cmr.fd"
File: ot4cmr.fd 2008/02/24 v1.2.1 Font defs for fonts PL (MW)
)
LaTeX Font Info:    Overwriting math alphabet `\mathbf' in version `normal'
(Font)                  OT1/cmr/bx/n --> OT4/cmr/bx/n on input line 360.
LaTeX Font Info:    Overwriting math alphabet `\mathsf' in version `normal'
(Font)                  OT1/cmss/m/n --> OT4/cmss/m/n on input line 360.
LaTeX Font Info:    Overwriting math alphabet `\mathit' in version `normal'
(Font)                  OT1/cmr/m/it --> OT4/cmr/m/it on input line 360.
LaTeX Font Info:    Overwriting math alphabet `\mathtt' in version `normal'
(Font)                  OT1/cmtt/m/n --> OT4/cmtt/m/n on input line 360.
LaTeX Font Info:    Overwriting math alphabet `\mathsf' in version `bold'
(Font)                  OT1/cmss/bx/n --> OT4/cmss/bx/n on input line 360.
LaTeX Font Info:    Overwriting math alphabet `\mathit' in version `bold'
(Font)                  OT1/cmr/bx/it --> OT4/cmr/bx/it on input line 360.
LaTeX Font Info:    Encoding `OT1' has changed to `OT4' for symbol font
(Font)              `operators' in the math version `normal' on input line 360.

LaTeX Font Info:    Overwriting symbol font `operators' in version `normal'
(Font)                  OT1/cmr/m/n --> OT4/cmr/m/n on input line 360.
LaTeX Font Info:    Overwriting symbol font `letters' in version `normal'
(Font)                  OML/cmm/m/it --> OML/plm/m/it on input line 360.
LaTeX Font Info:    Overwriting symbol font `symbols' in version `normal'
(Font)                  OMS/cmsy/m/n --> OMS/plsy/m/n on input line 360.
LaTeX Font Info:    Overwriting symbol font `largesymbols' in version `normal'
(Font)                  OMX/cmex/m/n --> OMX/plex/m/n on input line 360.
LaTeX Font Info:    Encoding `OT1' has changed to `OT4' for symbol font
(Font)              `operators' in the math version `bold' on input line 360.
LaTeX Font Info:    Overwriting symbol font `operators' in version `bold'
(Font)                  OT1/cmr/bx/n --> OT4/cmr/bx/n on input line 360.
LaTeX Font Info:    Overwriting symbol font `letters' in version `bold'
(Font)                  OML/cmm/b/it --> OML/plm/b/it on input line 360.
LaTeX Font Info:    Overwriting symbol font `symbols' in version `bold'
(Font)                  OMS/cmsy/b/n --> OMS/plsy/b/n on input line 360.
)
("C:\Users\Szymon\AppData\Local\Programs\MiKTeX 2.9\tex/latex/graphics\graphicx
.sty"
Package: graphicx 2017/06/01 v1.1a Enhanced LaTeX Graphics (DPC,SPQR)

("C:\Users\Szymon\AppData\Local\Programs\MiKTeX 2.9\tex/latex/graphics\keyval.s
ty"
Package: keyval 2014/10/28 v1.15 key=value parser (DPC)
\KV@toks@=\toks14
)
("C:\Users\Szymon\AppData\Local\Programs\MiKTeX 2.9\tex/latex/graphics\graphics
.sty"
Package: graphics 2017/06/25 v1.2c Standard LaTeX Graphics (DPC,SPQR)

("C:\Users\Szymon\AppData\Local\Programs\MiKTeX 2.9\tex/latex/graphics\trig.sty
"
Package: trig 2016/01/03 v1.10 sin cos tan (DPC)
)
("C:\Users\Szymon\AppData\Local\Programs\MiKTeX 2.9\tex/latex/graphics-cfg\grap
hics.cfg"
File: graphics.cfg 2016/06/04 v1.11 sample graphics configuration
)
Package graphics Info: Driver file: pdftex.def on input line 99.

("C:\Users\Szymon\AppData\Local\Programs\MiKTeX 2.9\tex/latex/graphics-def\pdft
ex.def"
File: pdftex.def 2018/01/08 v1.0l Graphics/color driver for pdftex
))
\Gin@req@height=\dimen103
\Gin@req@width=\dimen104
)
("C:\Users\Szymon\AppData\Local\Programs\MiKTeX 2.9\tex/latex/amsmath\amsmath.s
ty"
Package: amsmath 2018/12/01 v2.17b AMS math features
\@mathmargin=\skip43

For additional information on amsmath, use the `?' option.

("C:\Users\Szymon\AppData\Local\Programs\MiKTeX 2.9\tex/latex/amsmath\amstext.s
ty"
Package: amstext 2000/06/29 v2.01 AMS text

("C:\Users\Szymon\AppData\Local\Programs\MiKTeX 2.9\tex/latex/amsmath\amsgen.st
y"
File: amsgen.sty 1999/11/30 v2.0 generic functions
\@emptytoks=\toks15
\ex@=\dimen105
))
("C:\Users\Szymon\AppData\Local\Programs\MiKTeX 2.9\tex/latex/amsmath\amsbsy.st
y"
Package: amsbsy 1999/11/29 v1.2d Bold Symbols
\pmbraise@=\dimen106
)
("C:\Users\Szymon\AppData\Local\Programs\MiKTeX 2.9\tex/latex/amsmath\amsopn.st
y"
Package: amsopn 2016/03/08 v2.02 operator names
)
\inf@bad=\count88
LaTeX Info: Redefining \frac on input line 223.
\uproot@=\count89
\leftroot@=\count90
LaTeX Info: Redefining \overline on input line 385.
\classnum@=\count91
\DOTSCASE@=\count92
LaTeX Info: Redefining \ldots on input line 482.
LaTeX Info: Redefining \dots on input line 485.
LaTeX Info: Redefining \cdots on input line 606.
\Mathstrutbox@=\box27
\strutbox@=\box28
\big@size=\dimen107
LaTeX Font Info:    Redeclaring font encoding OML on input line 729.
LaTeX Font Info:    Redeclaring font encoding OMS on input line 730.
\macc@depth=\count93
\c@MaxMatrixCols=\count94
\dotsspace@=\muskip10
\c@parentequation=\count95
\dspbrk@lvl=\count96
\tag@help=\toks16
\row@=\count97
\column@=\count98
\maxfields@=\count99
\andhelp@=\toks17
\eqnshift@=\dimen108
\alignsep@=\dimen109
\tagshift@=\dimen110
\tagwidth@=\dimen111
\totwidth@=\dimen112
\lineht@=\dimen113
\@envbody=\toks18
\multlinegap=\skip44
\multlinetaggap=\skip45
\mathdisplay@stack=\toks19
LaTeX Info: Redefining \[ on input line 2844.
LaTeX Info: Redefining \] on input line 2845.
)
("C:\Users\Szymon\AppData\Local\Programs\MiKTeX 2.9\tex/latex/hyperref\hyperref
.sty"
Package: hyperref 2018/11/30 v6.88e Hypertext links for LaTeX

("C:\Users\Szymon\AppData\Local\Programs\MiKTeX 2.9\tex/generic/oberdiek\hobsub
-hyperref.sty"
Package: hobsub-hyperref 2016/05/16 v1.14 Bundle oberdiek, subset hyperref (HO)


("C:\Users\Szymon\AppData\Local\Programs\MiKTeX 2.9\tex/generic/oberdiek\hobsub
-generic.sty"
Package: hobsub-generic 2016/05/16 v1.14 Bundle oberdiek, subset generic (HO)
Package: hobsub 2016/05/16 v1.14 Construct package bundles (HO)
Package: infwarerr 2016/05/16 v1.4 Providing info/warning/error messages (HO)
Package: ltxcmds 2016/05/16 v1.23 LaTeX kernel commands for general use (HO)
Package: ifluatex 2016/05/16 v1.4 Provides the ifluatex switch (HO)
Package ifluatex Info: LuaTeX not detected.
Package: ifvtex 2016/05/16 v1.6 Detect VTeX and its facilities (HO)
Package ifvtex Info: VTeX not detected.
Package: intcalc 2016/05/16 v1.2 Expandable calculations with integers (HO)
Package: ifpdf 2018/09/07 v3.3 Provides the ifpdf switch
Package: etexcmds 2016/05/16 v1.6 Avoid name clashes with e-TeX commands (HO)
Package: kvsetkeys 2016/05/16 v1.17 Key value parser (HO)
Package: kvdefinekeys 2016/05/16 v1.4 Define keys (HO)
Package: pdftexcmds 2018/09/10 v0.29 Utility functions of pdfTeX for LuaTeX (HO
)
Package pdftexcmds Info: LuaTeX not detected.
Package pdftexcmds Info: \pdf@primitive is available.
Package pdftexcmds Info: \pdf@ifprimitive is available.
Package pdftexcmds Info: \pdfdraftmode found.
Package: pdfescape 2016/05/16 v1.14 Implements pdfTeX's escape features (HO)
Package: bigintcalc 2016/05/16 v1.4 Expandable calculations on big integers (HO
)
Package: bitset 2016/05/16 v1.2 Handle bit-vector datatype (HO)
Package: uniquecounter 2016/05/16 v1.3 Provide unlimited unique counter (HO)
)
Package hobsub Info: Skipping package `hobsub' (already loaded).
Package: letltxmacro 2016/05/16 v1.5 Let assignment for LaTeX macros (HO)
Package: hopatch 2016/05/16 v1.3 Wrapper for package hooks (HO)
Package: xcolor-patch 2016/05/16 xcolor patch
Package: atveryend 2016/05/16 v1.9 Hooks at the very end of document (HO)
Package atveryend Info: \enddocument detected (standard20110627).
Package: atbegshi 2016/06/09 v1.18 At begin shipout hook (HO)
Package: refcount 2016/05/16 v3.5 Data extraction from label references (HO)
Package: hycolor 2016/05/16 v1.8 Color options for hyperref/bookmark (HO)
)
("C:\Users\Szymon\AppData\Local\Programs\MiKTeX 2.9\tex/generic/ifxetex\ifxetex
.sty"
Package: ifxetex 2010/09/12 v0.6 Provides ifxetex conditional
)
("C:\Users\Szymon\AppData\Local\Programs\MiKTeX 2.9\tex/latex/oberdiek\auxhook.
sty"
Package: auxhook 2016/05/16 v1.4 Hooks for auxiliary files (HO)
)
("C:\Users\Szymon\AppData\Local\Programs\MiKTeX 2.9\tex/latex/oberdiek\kvoption
s.sty"
Package: kvoptions 2016/05/16 v3.12 Key value format for package options (HO)
)
\@linkdim=\dimen114
\Hy@linkcounter=\count100
\Hy@pagecounter=\count101

("C:\Users\Szymon\AppData\Local\Programs\MiKTeX 2.9\tex/latex/hyperref\pd1enc.d
ef"
File: pd1enc.def 2018/11/30 v6.88e Hyperref: PDFDocEncoding definition (HO)
Now handling font encoding PD1 ...
... no UTF-8 mapping file for font encoding PD1
)
\Hy@SavedSpaceFactor=\count102

("C:\Users\Szymon\AppData\Local\Programs\MiKTeX 2.9\tex/latex/00miktex\hyperref
.cfg"
File: hyperref.cfg 2002/06/06 v1.2 hyperref configuration of TeXLive
)
Package hyperref Info: Hyper figures OFF on input line 4519.
Package hyperref Info: Link nesting OFF on input line 4524.
Package hyperref Info: Hyper index ON on input line 4527.
Package hyperref Info: Plain pages OFF on input line 4534.
Package hyperref Info: Backreferencing OFF on input line 4539.
Package hyperref Info: Implicit mode ON; LaTeX internals redefined.
Package hyperref Info: Bookmarks ON on input line 4772.
\c@Hy@tempcnt=\count103
 ("C:\Users\Szymon\AppData\Local\Programs\MiKTeX 2.9\tex/latex/url\url.sty"
\Urlmuskip=\muskip11
Package: url 2013/09/16  ver 3.4  Verb mode for urls, etc.
)
LaTeX Info: Redefining \url on input line 5125.
\XeTeXLinkMargin=\dimen115
\Fld@menulength=\count104
\Field@Width=\dimen116
\Fld@charsize=\dimen117
Package hyperref Info: Hyper figures OFF on input line 6380.
Package hyperref Info: Link nesting OFF on input line 6385.
Package hyperref Info: Hyper index ON on input line 6388.
Package hyperref Info: backreferencing OFF on input line 6395.
Package hyperref Info: Link coloring OFF on input line 6400.
Package hyperref Info: Link coloring with OCG OFF on input line 6405.
Package hyperref Info: PDF/A mode OFF on input line 6410.
LaTeX Info: Redefining \ref on input line 6450.
LaTeX Info: Redefining \pageref on input line 6454.
\Hy@abspage=\count105
\c@Item=\count106
\c@Hfootnote=\count107
)
Package hyperref Info: Driver (autodetected): hpdftex.

("C:\Users\Szymon\AppData\Local\Programs\MiKTeX 2.9\tex/latex/hyperref\hpdftex.
def"
File: hpdftex.def 2018/11/30 v6.88e Hyperref driver for pdfTeX
\Fld@listcount=\count108
\c@bookmark@seq@number=\count109

("C:\Users\Szymon\AppData\Local\Programs\MiKTeX 2.9\tex/latex/oberdiek\rerunfil
echeck.sty"
Package: rerunfilecheck 2016/05/16 v1.8 Rerun checks for auxiliary files (HO)
Package uniquecounter Info: New unique counter `rerunfilecheck' on input line 2
82.
)
\Hy@SectionHShift=\skip46
)
("C:\Users\Szymon\AppData\Local\Programs\MiKTeX 2.9\tex/latex/float\float.sty"
Package: float 2001/11/08 v1.3d Float enhancements (AL)
\c@float@type=\count110
\float@exts=\toks20
\float@box=\box29
\@float@everytoks=\toks21
\@floatcapt=\box30
) (sprawozdanie.aux

LaTeX Warning: Label `tab:gen' multiply defined.

)
\openout1 = `sprawozdanie.aux'.

LaTeX Font Info:    Checking defaults for OML/cmm/m/it on input line 16.
LaTeX Font Info:    ... okay on input line 16.
LaTeX Font Info:    Checking defaults for T1/cmr/m/n on input line 16.
LaTeX Font Info:    ... okay on input line 16.
LaTeX Font Info:    Checking defaults for OT1/cmr/m/n on input line 16.
LaTeX Font Info:    ... okay on input line 16.
LaTeX Font Info:    Checking defaults for OMS/cmsy/m/n on input line 16.
LaTeX Font Info:    ... okay on input line 16.
LaTeX Font Info:    Checking defaults for OMX/cmex/m/n on input line 16.
LaTeX Font Info:    ... okay on input line 16.
LaTeX Font Info:    Checking defaults for U/cmr/m/n on input line 16.
LaTeX Font Info:    ... okay on input line 16.
LaTeX Font Info:    Checking defaults for OT4/cmr/m/n on input line 16.
LaTeX Font Info:    ... okay on input line 16.
LaTeX Font Info:    Checking defaults for PD1/pdf/m/n on input line 16.
LaTeX Font Info:    ... okay on input line 16.

("C:\Users\Szymon\AppData\Local\Programs\MiKTeX 2.9\tex/context/base\supp-pdf.m
kii"
[Loading MPS to PDF converter (version 2006.09.02).]
\scratchcounter=\count111
\scratchdimen=\dimen118
\scratchbox=\box31
\nofMPsegments=\count112
\nofMParguments=\count113
\everyMPshowfont=\toks22
\MPscratchCnt=\count114
\MPscratchDim=\dimen119
\MPnumerator=\count115
\makeMPintoPDFobject=\count116
\everyMPtoPDFconversion=\toks23
)
("C:\Users\Szymon\AppData\Local\Programs\MiKTeX 2.9\tex/latex/oberdiek\epstopdf
-base.sty"
Package: epstopdf-base 2016/05/15 v2.6 Base part for package epstopdf

("C:\Users\Szymon\AppData\Local\Programs\MiKTeX 2.9\tex/latex/oberdiek\grfext.s
ty"
Package: grfext 2016/05/16 v1.2 Manage graphics extensions (HO)
)
Package epstopdf-base Info: Redefining graphics rule for `.eps' on input line 4
38.
Package grfext Info: Graphics extension search list:
(grfext)             [.pdf,.png,.jpg,.mps,.jpeg,.jbig2,.jb2,.PDF,.PNG,.JPG,.JPE
G,.JBIG2,.JB2,.eps]
(grfext)             \AppendGraphicsExtensions on input line 456.
)
\AtBeginShipoutBox=\box32
Package hyperref Info: Link coloring OFF on input line 16.

("C:\Users\Szymon\AppData\Local\Programs\MiKTeX 2.9\tex/latex/hyperref\nameref.
sty"
Package: nameref 2016/05/21 v2.44 Cross-referencing by name of section

("C:\Users\Szymon\AppData\Local\Programs\MiKTeX 2.9\tex/generic/oberdiek\gettit
lestring.sty"
Package: gettitlestring 2016/05/16 v1.5 Cleanup title references (HO)
)
\c@section@level=\count117
)
LaTeX Info: Redefining \ref on input line 16.
LaTeX Info: Redefining \pageref on input line 16.
LaTeX Info: Redefining \nameref on input line 16.
 (sprawozdanie.out) (sprawozdanie.out)
\@outlinefile=\write3
\openout3 = `sprawozdanie.out'.

LaTeX Font Info:    Try loading font information for OML+plm on input line 19.

("C:\Users\Szymon\AppData\Local\Programs\MiKTeX 2.9\tex/latex/polski\omlplm.fd"
File: omlplm.fd 2008/02/24 v1.2.1 Font defs for fonts PL (MW)
)
LaTeX Font Info:    Try loading font information for OMS+plsy on input line 19.


("C:\Users\Szymon\AppData\Local\Programs\MiKTeX 2.9\tex/latex/polski\omsplsy.fd
"
File: omsplsy.fd 2008/02/24 v1.2.1 Font defs for fonts PL (MW)
)
LaTeX Font Info:    Try loading font information for OMX+plex on input line 19.


("C:\Users\Szymon\AppData\Local\Programs\MiKTeX 2.9\tex/latex/polski\omxplex.fd
"
File: omxplex.fd 2008/02/24 v1.2.1 Font defs for fonts PL (MW)
)
LaTeX Font Info:    External font `plex10' loaded for size
(Font)              <12> on input line 19.
LaTeX Font Info:    External font `plex10' loaded for size
(Font)              <8> on input line 19.
LaTeX Font Info:    External font `plex10' loaded for size
(Font)              <6> on input line 19.
 [1

{C:/Users/Szymon/AppData/Local/MiKTeX/2.9/pdftex/config/pdftex.map}]
LaTeX Font Info:    External font `plex10' loaded for size
(Font)              <10> on input line 25.
LaTeX Font Info:    External font `plex10' loaded for size
(Font)              <7> on input line 25.
LaTeX Font Info:    External font `plex10' loaded for size
(Font)              <5> on input line 25.
LaTeX Font Info:    Try loading font information for OMS+cmr on input line 35.

("C:\Users\Szymon\AppData\Local\Programs\MiKTeX 2.9\tex/latex/base\omscmr.fd"
File: omscmr.fd 2014/09/29 v2.5h Standard LaTeX font definitions
)
LaTeX Font Info:    Font shape `OMS/cmr/m/n' in size <10> not available
(Font)              Font shape `OMS/cmsy/m/n' tried instead on input line 35.

[1] [2] [3]
<easy0.png, id=152, 770.88pt x 452.4403pt>
File: easy0.png Graphic file (type png)
<use easy0.png>
Package pdftex.def Info: easy0.png  used on input line 122.
(pdftex.def)             Requested size: 345.0pt x 202.48476pt.
 [4]
<easy1.png, id=157, 867.24pt x 511.9125pt>
File: easy1.png Graphic file (type png)
<use easy1.png>
Package pdftex.def Info: easy1.png  used on input line 135.
(pdftex.def)             Requested size: 345.0pt x 203.64438pt.
 [5pdfTeX warning (ext4): destination with the same identifier (name{figure.1})
 has been already used, duplicate ignored

\AtBegShi@Output ...ipout \box \AtBeginShipoutBox 
                                                  \fi \fi 
l.140 		$
         \mu = 613.4$ <./easy0.png>]
<medium0.png, id=163, 867.24pt x 511.9125pt>
File: medium0.png Graphic file (type png)
<use medium0.png>
Package pdftex.def Info: medium0.png  used on input line 148.
(pdftex.def)             Requested size: 345.0pt x 203.64438pt.
 [6pdfTeX warning (ext4): destination with the same identifier (name{figure.2})
 has been already used, duplicate ignored

\AtBegShi@Output ...ipout \box \AtBeginShipoutBox 
                                                  \fi \fi 
l.153 		$
         \mu = 57284.8$ <./easy1.png>]
<medium1.png, id=170, 867.24pt x 511.9125pt>
File: medium1.png Graphic file (type png)
<use medium1.png>
Package pdftex.def Info: medium1.png  used on input line 161.
(pdftex.def)             Requested size: 345.0pt x 203.64438pt.
 [7pdfTeX warning (ext4): destination with the same identifier (name{figure.3})
 has been already used, duplicate ignored

\AtBegShi@Output ...ipout \box \AtBeginShipoutBox 
                                                  \fi \fi 
l.166 		$
         \mu = 113726.1$ <./medium0.png>]
<hard0.png, id=176, 867.24pt x 511.9125pt>
File: hard0.png Graphic file (type png)
<use hard0.png>
Package pdftex.def Info: hard0.png  used on input line 174.
(pdftex.def)             Requested size: 345.0pt x 203.64438pt.
 [8pdfTeX warning (ext4): destination with the same identifier (name{figure.4})
 has been already used, duplicate ignored

\AtBegShi@Output ...ipout \box \AtBeginShipoutBox 
                                                  \fi \fi 
l.179 		$
         \mu = -713010.9$ <./medium1.png>]
Overfull \hbox (11.34453pt too wide) in paragraph at lines 188--188
[]\OT4/cmr/bx/n/14.4 Badanie wpªy-wu pa-ra-me-trów me-to-dy na []
 []

[9pdfTeX warning (ext4): destination with the same identifier (name{figure.5}) 
has been already used, duplicate ignored

\AtBegShi@Output ...ipout \box \AtBeginShipoutBox 
                                                  \fi \fi 
l.190 	\subsection
                  {WpÅ‚yw prawdopodobieÅ„stwa mutacji} <./hard0.png>]
<pm0.png, id=187, 867.24pt x 496.85625pt>
File: pm0.png Graphic file (type png)
<use pm0.png>
Package pdftex.def Info: pm0.png  used on input line 201.
(pdftex.def)             Requested size: 345.0pt x 197.65483pt.
<pm0005.png, id=188, 867.99281pt x 482.55281pt>
File: pm0005.png Graphic file (type png)
<use pm0005.png>
Package pdftex.def Info: pm0005.png  used on input line 209.
(pdftex.def)             Requested size: 345.0pt x 191.80278pt.
 [10pdfTeX warning (ext4): destination with the same identifier (name{figure.6}
) has been already used, duplicate ignored

\AtBegShi@Output ...ipout \box \AtBeginShipoutBox 
                                                  \fi \fi 
l.213 
       <./pm0.png>]
<pm005.png, id=194, 867.99281pt x 511.9125pt>
File: pm005.png Graphic file (type png)
<use pm005.png>
Package pdftex.def Info: pm005.png  used on input line 216.
(pdftex.def)             Requested size: 345.0pt x 203.47253pt.
<pm01.png, id=195, 867.24pt x 496.85625pt>
File: pm01.png Graphic file (type png)
<use pm01.png>
Package pdftex.def Info: pm01.png  used on input line 224.
(pdftex.def)             Requested size: 345.0pt x 197.65483pt.
 [11pdfTeX warning (ext4): destination with the same identifier (name{figure.7}
) has been already used, duplicate ignored

\AtBegShi@Output ...ipout \box \AtBeginShipoutBox 
                                                  \fi \fi 
l.228 
      pdfTeX warning (ext4): destination with the same identifier (name{figure.
8}) has been already used, duplicate ignored

\AtBegShi@Output ...ipout \box \AtBeginShipoutBox 
                                                  \fi \fi 
l.228 
       <./pm0005.png> <./pm005.png>]
<pm05.png, id=202, 867.99281pt x 511.9125pt>
File: pm05.png Graphic file (type png)
<use pm05.png>
Package pdftex.def Info: pm05.png  used on input line 231.
(pdftex.def)             Requested size: 345.0pt x 203.47253pt.
<pm1.png, id=203, 867.99281pt x 496.85625pt>
File: pm1.png Graphic file (type png)
<use pm1.png>
Package pdftex.def Info: pm1.png  used on input line 238.
(pdftex.def)             Requested size: 345.0pt x 197.48804pt.
 [12pdfTeX warning (ext4): destination with the same identifier (name{figure.9}
) has been already used, duplicate ignored

\AtBegShi@Output ...ipout \box \AtBeginShipoutBox 
                                                  \fi \fi 
l.242 	
       pdfTeX warning (ext4): destination with the same identifier (name{figure
.10}) has been already used, duplicate ignored

\AtBegShi@Output ...ipout \box \AtBeginShipoutBox 
                                                  \fi \fi 
l.242 	
        <./pm01.png> <./pm05.png>] [13pdfTeX warning (ext4): destination with t
he same identifier (name{figure.11}) has been already used, duplicate ignored

\AtBegShi@Output ...ipout \box \AtBeginShipoutBox 
                                                  \fi \fi 
l.264 	\newpage
               pdfTeX warning (ext4): destination with the same identifier (nam
e{table.1}) has been already used, duplicate ignored

\AtBegShi@Output ...ipout \box \AtBeginShipoutBox 
                                                  \fi \fi 
l.264 	\newpage
                <./pm1.png>]
<cross0.png, id=221, 867.99281pt x 511.9125pt>
File: cross0.png Graphic file (type png)
<use cross0.png>
Package pdftex.def Info: cross0.png  used on input line 276.
(pdftex.def)             Requested size: 345.0pt x 203.47253pt.
<cross01.png, id=222, 867.99281pt x 511.9125pt>
File: cross01.png Graphic file (type png)
<use cross01.png>
Package pdftex.def Info: cross01.png  used on input line 284.
(pdftex.def)             Requested size: 345.0pt x 203.47253pt.
 [14pdfTeX warning (ext4): destination with the same identifier (name{figure.12
}) has been already used, duplicate ignored

\AtBegShi@Output ...ipout \box \AtBeginShipoutBox 
                                                  \fi \fi 
l.288 	
        <./cross0.png>]
<cross02.png, id=228, 868.74562pt x 514.92375pt>
File: cross02.png Graphic file (type png)
<use cross02.png>
Package pdftex.def Info: cross02.png  used on input line 291.
(pdftex.def)             Requested size: 345.0pt x 204.48871pt.
<cross05.png, id=229, 868.74562pt x 499.8675pt>
File: cross05.png Graphic file (type png)
<use cross05.png>
Package pdftex.def Info: cross05.png  used on input line 298.
(pdftex.def)             Requested size: 345.0pt x 198.5095pt.
 [15pdfTeX warning (ext4): destination with the same identifier (name{figure.13
}) has been already used, duplicate ignored

\AtBegShi@Output ...ipout \box \AtBeginShipoutBox 
                                                  \fi \fi 
l.302 	
       pdfTeX warning (ext4): destination with the same identifier (name{figure
.14}) has been already used, duplicate ignored

\AtBegShi@Output ...ipout \box \AtBeginShipoutBox 
                                                  \fi \fi 
l.302 	
        <./cross01.png> <./cross02.png>]
<cross08.png, id=236, 868.74562pt x 511.9125pt>
File: cross08.png Graphic file (type png)
<use cross08.png>
Package pdftex.def Info: cross08.png  used on input line 305.
(pdftex.def)             Requested size: 345.0pt x 203.29288pt.
<cross1.png, id=237, 868.74562pt x 511.9125pt>
File: cross1.png Graphic file (type png)
<use cross1.png>
Package pdftex.def Info: cross1.png  used on input line 312.
(pdftex.def)             Requested size: 345.0pt x 203.29288pt.
 [16pdfTeX warning (ext4): destination with the same identifier (name{figure.15
}) has been already used, duplicate ignored

\AtBegShi@Output ...ipout \box \AtBeginShipoutBox 
                                                  \fi \fi 
l.316 
      pdfTeX warning (ext4): destination with the same identifier (name{figure.
16}) has been already used, duplicate ignored

\AtBegShi@Output ...ipout \box \AtBeginShipoutBox 
                                                  \fi \fi 
l.316 
       <./cross05.png> <./cross08.png>] [17pdfTeX warning (ext4): destination w
ith the same identifier (name{figure.17}) has been already used, duplicate igno
red

\AtBegShi@Output ...ipout \box \AtBeginShipoutBox 
                                                  \fi \fi 
l.339 	\newpage
               pdfTeX warning (ext4): destination with the same identifier (nam
e{table.2}) has been already used, duplicate ignored

\AtBegShi@Output ...ipout \box \AtBeginShipoutBox 
                                                  \fi \fi 
l.339 	\newpage
                <./cross1.png>]
<popsize100.png, id=251, 871.75688pt x 513.41812pt>
File: popsize100.png Graphic file (type png)
<use popsize100.png>
Package pdftex.def Info: popsize100.png  used on input line 350.
(pdftex.def)             Requested size: 345.0pt x 203.18571pt.
<popsize500.png, id=252, 871.75688pt x 513.41812pt>
File: popsize500.png Graphic file (type png)
<use popsize500.png>
Package pdftex.def Info: popsize500.png  used on input line 358.
(pdftex.def)             Requested size: 345.0pt x 203.18571pt.
 [18pdfTeX warning (ext4): destination with the same identifier (name{figure.18
}) has been already used, duplicate ignored

\AtBegShi@Output ...ipout \box \AtBeginShipoutBox 
                                                  \fi \fi 
l.362 	
        <./popsize100.png>]
<popsize1000.png, id=259, 871.75688pt x 513.41812pt>
File: popsize1000.png Graphic file (type png)
<use popsize1000.png>
Package pdftex.def Info: popsize1000.png  used on input line 365.
(pdftex.def)             Requested size: 345.0pt x 203.18571pt.
 [19pdfTeX warning (ext4): destination with the same identifier (name{figure.19
}) has been already used, duplicate ignored

\AtBegShi@Output ...ipout \box \AtBeginShipoutBox 
                                                  \fi \fi 
l.385 	
       pdfTeX warning (ext4): destination with the same identifier (name{figure
.20}) has been already used, duplicate ignored

\AtBegShi@Output ...ipout \box \AtBeginShipoutBox 
                                                  \fi \fi 
l.385 	
        <./popsize500.png> <./popsize1000.png>] [20pdfTeX warning (ext4): desti
nation with the same identifier (name{table.3}) has been already used, duplicat
e ignored

\AtBegShi@Output ...ipout \box \AtBeginShipoutBox 
                                                  \fi \fi 
l.390 	\newpage
               ]
<gen100.png, id=273, 868.74562pt x 513.41812pt>
File: gen100.png Graphic file (type png)
<use gen100.png>
Package pdftex.def Info: gen100.png  used on input line 402.
(pdftex.def)             Requested size: 345.0pt x 203.8908pt.
<gen500.png, id=274, 868.74562pt x 513.41812pt>
File: gen500.png Graphic file (type png)
<use gen500.png>
Package pdftex.def Info: gen500.png  used on input line 410.
(pdftex.def)             Requested size: 345.0pt x 203.8908pt.
 [21pdfTeX warning (ext4): destination with the same identifier (name{figure.21
}) has been already used, duplicate ignored

\AtBegShi@Output ...ipout \box \AtBeginShipoutBox 
                                                  \fi \fi 
l.414 	
        <./gen100.png>]
<gen1000.png, id=280, 868.74562pt x 513.41812pt>
File: gen1000.png Graphic file (type png)
<use gen1000.png>
Package pdftex.def Info: gen1000.png  used on input line 417.
(pdftex.def)             Requested size: 345.0pt x 203.8908pt.
 [22pdfTeX warning (ext4): destination with the same identifier (name{figure.22
}) has been already used, duplicate ignored

\AtBegShi@Output ...ipout \box \AtBeginShipoutBox 
                                                  \fi \fi 
l.437 	
       pdfTeX warning (ext4): destination with the same identifier (name{figure
.23}) has been already used, duplicate ignored

\AtBegShi@Output ...ipout \box \AtBeginShipoutBox 
                                                  \fi \fi 
l.437 	
        <./gen500.png> <./gen1000.png>]
Overfull \hbox (31.96458pt too wide) in paragraph at lines 441--441
[]\OT4/cmr/bx/n/14.4 Badanie wpªy-wu se-lek-cji na sku-tecz-no±¢ []
 []

<tour.png, id=287, 868.74562pt x 513.41812pt>
File: tour.png Graphic file (type png)
<use tour.png>
Package pdftex.def Info: tour.png  used on input line 453.
(pdftex.def)             Requested size: 345.0pt x 203.8908pt.
[23pdfTeX warning (ext4): destination with the same identifier (name{table.4}) 
has been already used, duplicate ignored

\AtBegShi@Output ...ipout \box \AtBeginShipoutBox 
                                                  \fi \fi 
l.457 
      ]
<roulette.png, id=294, 868.74562pt x 513.41812pt>
File: roulette.png Graphic file (type png)
<use roulette.png>
Package pdftex.def Info: roulette.png  used on input line 460.
(pdftex.def)             Requested size: 345.0pt x 203.8908pt.
 [24pdfTeX warning (ext4): destination with the same identifier (name{figure.24
}) has been already used, duplicate ignored

\AtBegShi@Output ...ipout \box \AtBeginShipoutBox 
                                                  \fi \fi 
l.479 	\paragraph
                 {Wnioski}	pdfTeX warning (ext4): destination with the same ide
ntifier (name{figure.25}) has been already used, duplicate ignored

\AtBegShi@Output ...ipout \box \AtBeginShipoutBox 
                                                  \fi \fi 
l.479 	\paragraph
                 {Wnioski}	 <./tour.png> <./roulette.png>] [25pdfTeX warning (e
xt4): destination with the same identifier (name{table.5}) has been already use
d, duplicate ignored

\AtBegShi@Output ...ipout \box \AtBeginShipoutBox 
                                                  \fi \fi 
l.526 	\section
               {Podsumowanie}pdfTeX warning (ext4): destination with the same i
dentifier (name{table.6}) has been already used, duplicate ignored

\AtBegShi@Output ...ipout \box \AtBeginShipoutBox 
                                                  \fi \fi 
l.526 	\section
               {Podsumowanie}pdfTeX warning (ext4): destination with the same i
dentifier (name{table.7}) has been already used, duplicate ignored

\AtBegShi@Output ...ipout \box \AtBeginShipoutBox 
                                                  \fi \fi 
l.526 	\section
               {Podsumowanie}]
Package atveryend Info: Empty hook `BeforeClearDocument' on input line 528.
 [26]
Package atveryend Info: Empty hook `AfterLastShipout' on input line 528.
 (sprawozdanie.aux)
Package atveryend Info: Executing hook `AtVeryEndDocument' on input line 528.
Package atveryend Info: Executing hook `AtEndAfterFileList' on input line 528.
Package rerunfilecheck Info: File `sprawozdanie.out' has not changed.
(rerunfilecheck)             Checksum: A2648BD8E77CC4200CFBE1AC8E6E4724;2000.


LaTeX Warning: There were multiply-defined labels.

Package atveryend Info: Empty hook `AtVeryVeryEnd' on input line 528.
 ) 
Here is how much of TeX's memory you used:
 6173 strings out of 492946
 90649 string characters out of 3125822
 185735 words of memory out of 3000000
 9886 multiletter control sequences out of 15000+200000
 13819 words of font info for 39 fonts, out of 3000000 for 9000
 1141 hyphenation exceptions out of 8191
 28i,12n,29p,718b,384s stack positions out of 5000i,500n,10000p,200000b,50000s
{C:/Users/Szymon/AppData/Local/Programs/MiKTeX 2.9/fonts/enc/dvips/pl/plit.en
c}{C:/Users/Szymon/AppData/Local/Programs/MiKTeX 2.9/fonts/enc/dvips/pl/plrm.en
c}{C:/Users/Szymon/AppData/Local/Programs/MiKTeX 2.9/fonts/enc/dvips/pl/plms.en
c}{C:/Users/Szymon/AppData/Local/Programs/MiKTeX 2.9/fonts/enc/dvips/pl/plsc.en
c}{C:/Users/Szymon/AppData/Local/Programs/MiKTeX 2.9/fonts/enc/dvips/pl/plmi.en
c}{C:/Users/Szymon/AppData/Local/Programs/MiKTeX 2.9/fonts/enc/dvips/pl/plme.en
c}<C:/Users/Szymon/AppData/Local/Programs/MiKTeX 2.9/fonts/type1/public/amsfont
s/cm/cmsy10.pfb><C:/Users/Szymon/AppData/Local/Programs/MiKTeX 2.9/fonts/type1/
public/pl/plbx10.pfb><C:/Users/Szymon/AppData/Local/Programs/MiKTeX 2.9/fonts/t
ype1/public/pl/plbx12.pfb><C:/Users/Szymon/AppData/Local/Programs/MiKTeX 2.9/fo
nts/type1/public/pl/plex10.pfb><C:/Users/Szymon/AppData/Local/Programs/MiKTeX 2
.9/fonts/type1/public/pl/plmi10.pfb><C:/Users/Szymon/AppData/Local/Programs/MiK
TeX 2.9/fonts/type1/public/pl/plmi5.pfb><C:/Users/Szymon/AppData/Local/Programs
/MiKTeX 2.9/fonts/type1/public/pl/plmi7.pfb><C:/Users/Szymon/AppData/Local/Prog
rams/MiKTeX 2.9/fonts/type1/public/pl/plr10.pfb><C:/Users/Szymon/AppData/Local/
Programs/MiKTeX 2.9/fonts/type1/public/pl/plr12.pfb><C:/Users/Szymon/AppData/Lo
cal/Programs/MiKTeX 2.9/fonts/type1/public/pl/plr17.pfb><C:/Users/Szymon/AppDat
a/Local/Programs/MiKTeX 2.9/fonts/type1/public/pl/plr5.pfb><C:/Users/Szymon/App
Data/Local/Programs/MiKTeX 2.9/fonts/type1/public/pl/plr7.pfb><C:/Users/Szymon/
AppData/Local/Programs/MiKTeX 2.9/fonts/type1/public/pl/plsy10.pfb><C:/Users/Sz
ymon/AppData/Local/Programs/MiKTeX 2.9/fonts/type1/public/pl/plsy7.pfb><C:/User
s/Szymon/AppData/Local/Programs/MiKTeX 2.9/fonts/type1/public/pl/plti10.pfb>
Output written on sprawozdanie.pdf (27 pages, 976110 bytes).
PDF statistics:
 395 PDF objects out of 1000 (max. 8388607)
 98 named destinations out of 1000 (max. 500000)
 342 words of extra memory for PDF output out of 10000 (max. 10000000)

